\BOOKMARK [1][-]{section.1}{\376\377\000I\000n\000t\000r\000o\000d\000u\000c\000t\000i\000o\000n}{}% 1
\BOOKMARK [1][-]{section.2}{\376\377\000M\000a\000t\000e\000r\000i\000a\000l\000s\000\040\000a\000n\000d\000\040\000S\000y\000s\000t\000e\000m\000\040\000P\000a\000r\000a\000m\000e\000t\000e\000r\000s}{}% 2
\BOOKMARK [2][-]{subsection.2.1}{\376\377\000H\000a\000r\000d\000w\000a\000r\000e\000\040\000P\000l\000a\000t\000f\000o\000r\000m\000\040\000a\000n\000d\000\040\000D\000e\000s\000i\000g\000n\000\040\000S\000p\000e\000c\000i\000f\000i\000c\000a\000t\000i\000o\000n\000s}{section.2}% 3
\BOOKMARK [2][-]{subsection.2.2}{\376\377\000S\000i\000m\000u\000l\000a\000t\000i\000o\000n\000\040\000E\000n\000v\000i\000r\000o\000n\000m\000e\000n\000t}{section.2}% 4
\BOOKMARK [2][-]{subsection.2.3}{\376\377\000S\000y\000n\000t\000h\000e\000t\000i\000c\000\040\000S\000c\000e\000n\000e\000\040\000C\000o\000n\000f\000i\000g\000u\000r\000a\000t\000i\000o\000n}{section.2}% 5
\BOOKMARK [1][-]{section.3}{\376\377\000M\000e\000t\000h\000o\000d\000o\000l\000o\000g\000y}{}% 6
\BOOKMARK [2][-]{subsection.3.1}{\376\377\000S\000y\000s\000t\000e\000m\000\040\000A\000r\000c\000h\000i\000t\000e\000c\000t\000u\000r\000e\000\040\000O\000v\000e\000r\000v\000i\000e\000w}{section.3}% 7
\BOOKMARK [2][-]{subsection.3.2}{\376\377\000L\000a\000s\000e\000r\000\040\000T\000r\000a\000n\000s\000m\000i\000t\000t\000e\000r\000\040\000\050\000l\000i\000d\000a\000r\000\137\000t\000r\000a\000n\000s\000m\000i\000t\000t\000e\000r\000.\000m\000\051}{section.3}% 8
\BOOKMARK [2][-]{subsection.3.3}{\376\377\000O\000p\000t\000i\000c\000a\000l\000\040\000S\000c\000a\000n\000n\000e\000r\000\040\000\050\000l\000i\000d\000a\000r\000\137\000s\000c\000a\000n\000n\000e\000r\000.\000m\000\051}{section.3}% 9
\BOOKMARK [3][-]{subsubsection.3.3.1}{\376\377\000P\000o\000l\000y\000g\000o\000n\000\040\000M\000i\000r\000r\000o\000r\000\040\000S\000c\000a\000n\000n\000e\000r}{subsection.3.3}% 10
\BOOKMARK [3][-]{subsubsection.3.3.2}{\376\377\000G\000a\000l\000v\000a\000n\000o\000m\000e\000t\000e\000r\000\040\000S\000c\000a\000n\000n\000e\000r}{subsection.3.3}% 11
\BOOKMARK [2][-]{subsection.3.4}{\376\377\000F\000r\000e\000e\000-\000S\000p\000a\000c\000e\000\040\000C\000h\000a\000n\000n\000e\000l\000\040\000\050\000l\000i\000d\000a\000r\000\137\000c\000h\000a\000n\000n\000e\000l\000.\000m\000\051}{section.3}% 12
\BOOKMARK [3][-]{subsubsection.3.4.1}{\376\377\000N\000o\000r\000m\000a\000l\000i\000s\000e\000d\000\040\000R\000e\000f\000l\000e\000c\000t\000i\000v\000i\000t\000y\000\040\000I\000n\000t\000e\000n\000s\000i\000t\000y\000\040\000\050\000E\000q\000.\000\040\0004\000,\000\040\000\247\000V\000I\000I\000-\000B\000\051}{subsection.3.4}% 13
\BOOKMARK [3][-]{subsubsection.3.4.2}{\376\377\000M\000a\000x\000i\000m\000u\000m\000\040\000R\000a\000n\000g\000e\000\040\000\050\000E\000q\000.\000\040\0006\000,\000\040\000\247\000X\000I\000-\000B\000\051}{subsection.3.4}% 14
\BOOKMARK [2][-]{subsection.3.5}{\376\377\000S\000i\000g\000n\000a\000l\000\040\000R\000e\000c\000e\000p\000t\000i\000o\000n\000\040\000\050\000l\000i\000d\000a\000r\000\137\000r\000e\000c\000e\000i\000v\000e\000r\000.\000m\000\051}{section.3}% 15
\BOOKMARK [2][-]{subsection.3.6}{\376\377\000T\000i\000m\000i\000n\000g\000\040\000a\000n\000d\000\040\000R\000a\000n\000g\000e\000\040\000M\000e\000a\000s\000u\000r\000e\000m\000e\000n\000t\000\040\000\050\000l\000i\000d\000a\000r\000\137\000t\000i\000m\000i\000n\000g\000.\000m\000\051}{section.3}% 16
\BOOKMARK [2][-]{subsection.3.7}{\376\377\000G\000i\000m\000b\000a\000l\000\040\000a\000n\000d\000\040\0003\000-\000D\000\040\000P\000o\000i\000n\000t\000\040\000C\000l\000o\000u\000d\000\040\000\050\000l\000i\000d\000a\000r\000\137\000g\000i\000m\000b\000a\000l\000.\000m\000\051}{section.3}% 17
\BOOKMARK [2][-]{subsection.3.8}{\376\377\000P\000o\000i\000n\000t\000-\000C\000l\000o\000u\000d\000\040\000P\000r\000o\000c\000e\000s\000s\000i\000n\000g\000\040\000P\000i\000p\000e\000l\000i\000n\000e\000\040\000\050\000l\000i\000d\000a\000r\000\137\000p\000o\000i\000n\000t\000\137\000c\000l\000o\000u\000d\000.\000m\000\051}{section.3}% 18
\BOOKMARK [3][-]{subsubsection.3.8.1}{\376\377\000S\000t\000a\000g\000e\000\040\0001\000\040\040\024\000\040\000S\000t\000a\000t\000i\000s\000t\000i\000c\000a\000l\000\040\000O\000u\000t\000l\000i\000e\000r\000\040\000R\000e\000m\000o\000v\000a\000l}{subsection.3.8}% 19
\BOOKMARK [3][-]{subsubsection.3.8.2}{\376\377\000S\000t\000a\000g\000e\000\040\0002\000\040\040\024\000\040\000R\000A\000N\000S\000A\000C\000\040\000G\000r\000o\000u\000n\000d\000\040\000P\000l\000a\000n\000e\000\040\000S\000e\000g\000m\000e\000n\000t\000a\000t\000i\000o\000n}{subsection.3.8}% 20
\BOOKMARK [3][-]{subsubsection.3.8.3}{\376\377\000S\000t\000a\000g\000e\000\040\0003\000\040\040\024\000\040\000F\000e\000a\000t\000u\000r\000e\000\040\000E\000x\000t\000r\000a\000c\000t\000i\000o\000n\000\040\000\050\000\247\000V\000I\000I\000-\000B\000\051}{subsection.3.8}% 21
\BOOKMARK [2][-]{subsection.3.9}{\376\377\000R\000a\000n\000d\000o\000m\000\040\000F\000o\000r\000e\000s\000t\000\040\000C\000l\000a\000s\000s\000i\000f\000i\000e\000r\000\040\000\050\000l\000i\000d\000a\000r\000\137\000c\000l\000a\000s\000s\000i\000f\000i\000e\000r\000.\000m\000\051}{section.3}% 22
\BOOKMARK [3][-]{subsubsection.3.9.1}{\376\377\000S\000y\000n\000t\000h\000e\000t\000i\000c\000\040\000T\000r\000a\000i\000n\000i\000n\000g\000\040\000D\000a\000t\000a}{subsection.3.9}% 23
\BOOKMARK [3][-]{subsubsection.3.9.2}{\376\377\000P\000r\000i\000m\000a\000r\000y\000\040\000C\000l\000a\000s\000s\000i\000f\000i\000e\000r\000:\000\040\000M\000A\000T\000L\000A\000B\000\040\000T\000r\000e\000e\000B\000a\000g\000g\000e\000r}{subsection.3.9}% 24
\BOOKMARK [3][-]{subsubsection.3.9.3}{\376\377\000F\000a\000l\000l\000b\000a\000c\000k\000:\000\040\000B\000u\000i\000l\000t\000-\000i\000n\000\040\000R\000e\000c\000u\000r\000s\000i\000v\000e\000\040\000R\000a\000n\000d\000o\000m\000\040\000F\000o\000r\000e\000s\000t}{subsection.3.9}% 25
\BOOKMARK [3][-]{subsubsection.3.9.4}{\376\377\000E\000v\000a\000l\000u\000a\000t\000i\000o\000n\000\040\000M\000e\000t\000r\000i\000c\000s}{subsection.3.9}% 26
\BOOKMARK [2][-]{subsection.3.10}{\376\377\000M\000o\000n\000t\000e\000\040\000C\000a\000r\000l\000o\000\040\000E\000r\000r\000o\000r\000\040\000A\000n\000a\000l\000y\000s\000i\000s}{section.3}% 27
\BOOKMARK [1][-]{section.4}{\376\377\000R\000e\000s\000u\000l\000t\000s\000\040\000a\000n\000d\000\040\000D\000i\000s\000c\000u\000s\000s\000i\000o\000n}{}% 28
\BOOKMARK [2][-]{subsection.4.1}{\376\377\000S\000i\000g\000n\000a\000l\000\040\000C\000h\000a\000i\000n\000\040\000P\000e\000r\000f\000o\000r\000m\000a\000n\000c\000e}{section.4}% 29
\BOOKMARK [2][-]{subsection.4.2}{\376\377\000R\000a\000n\000g\000e\000\040\000M\000e\000a\000s\000u\000r\000e\000m\000e\000n\000t\000\040\000A\000c\000c\000u\000r\000a\000c\000y}{section.4}% 30
\BOOKMARK [2][-]{subsection.4.3}{\376\377\000P\000o\000i\000n\000t\000-\000C\000l\000o\000u\000d\000\040\000P\000r\000o\000c\000e\000s\000s\000i\000n\000g}{section.4}% 31
\BOOKMARK [2][-]{subsection.4.4}{\376\377\000D\000e\000b\000u\000g\000g\000i\000n\000g\000\040\000J\000o\000u\000r\000n\000e\000y\000:\000\040\000F\000r\000o\000m\000\040\0003\0001\000\045\000\040\000t\000o\000\040\0009\0002\000.\0005\000\045\000\040\000A\000c\000c\000u\000r\000a\000c\000y}{section.4}% 32
\BOOKMARK [2][-]{subsection.4.5}{\376\377\000C\000l\000a\000s\000s\000i\000f\000i\000c\000a\000t\000i\000o\000n\000\040\000R\000e\000s\000u\000l\000t\000s}{section.4}% 33
\BOOKMARK [2][-]{subsection.4.6}{\376\377\000E\000n\000v\000i\000r\000o\000n\000m\000e\000n\000t\000a\000l\000\040\000R\000o\000b\000u\000s\000t\000n\000e\000s\000s\000\040\000\050\000T\000a\000b\000l\000e\000\040\000V\000,\000\040\000\247\000X\000I\000-\000A\000\051}{section.4}% 34
\BOOKMARK [2][-]{subsection.4.7}{\376\377\000P\000o\000w\000e\000r\000\040\000B\000u\000d\000g\000e\000t}{section.4}% 35
\BOOKMARK [2][-]{subsection.4.8}{\376\377\000D\000i\000s\000c\000u\000s\000s\000i\000o\000n}{section.4}% 36
\BOOKMARK [1][-]{section.5}{\376\377\000C\000o\000n\000c\000l\000u\000s\000i\000o\000n\000s}{}% 37
\BOOKMARK [1][-]{appendix.A}{\376\377\000M\000A\000T\000L\000A\000B\000\040\000C\000o\000d\000e\000b\000a\000s\000e\000\040\000S\000t\000r\000u\000c\000t\000u\000r\000e}{}% 38
\BOOKMARK [1][-]{appendix.B}{\376\377\000K\000e\000y\000\040\000E\000q\000u\000a\000t\000i\000o\000n\000s\000\040\000S\000u\000m\000m\000a\000r\000y}{}% 39
